USER       PID %CPU %MEM   VSZ   RSS TT  STAT  STARTED       TIME COMMAND
root     20998 13.8  1.8   632  2328 ??  R     12:21PM    0:00.30 snmpget
root     17859 10.9  1.8   768  2360 ??  R     12:21PM    0:00.34 snmpget
root     29645 11.8  1.8   636  2304 ??  R     12:21PM    0:00.27 snmpget
root     16236 11.8  1.8   548  2296 ??  R     12:21PM    0:00.26 snmpget
root       163  5.1  1.7   680  2184 ??  R     12:21PM    0:00.13 snmpget
root     11253  2.0  0.0   188    48 ??  R     12:21PM    0:00.03 setuidgid
root         1  0.0  0.3   668   396 ??  Is     8:58AM    0:01.07 init
root     32365  0.0  0.6   524   740 ??  Is     8:58AM    0:00.06 syslogd
_syslogd 20416  0.0  0.6   524   776 ??  S      8:58AM    0:09.92 syslogd
root     13873  0.0  0.3   628   456 ??  Is     8:58AM    0:00.04 pflogd
_pflogd   5192  0.0  0.3   692   392 ??  S      8:58AM    0:04.22 pflogd
root     18225  0.0  0.8   712  1000 ??  I<s    8:58AM    0:00.05 ntpd
_ntp     22539  0.0  0.8   764  1080 ??  I<     8:58AM    0:00.63 ntpd
_ntp     24415  0.0  0.7   700   956 ??  I      8:58AM    0:00.03 ntpd
root      7523  0.0  1.1   968  1484 ??  Is     8:58AM    0:00.16 sshd
root     14923  0.0  0.9   856  1240 ??  Is     8:58AM    0:00.03 snmpd
_snmpd    9731  0.0  1.3   896  1704 ??  S      8:58AM    0:08.71 snmpd
root      7271  0.0  1.6  1696  2072 ??  Ss     8:59AM    0:02.31 sendmail
_sndio   29704  0.0  0.4   360   460 ??  I<s    8:59AM    0:00.01 sndiod
root     21251  0.0  0.7   688   964 ??  Ss     8:59AM    0:07.97 cron
root     32462  0.0  2.0  3600  2604 ??  Ss     9:01AM    0:02.26 sshd
root     28517  0.0  0.3   648   444 ??  Is     9:01AM    0:00.12 ksh
root      9395  0.0  1.0   736  1256 ??  I      9:01AM    0:00.52 sftp-server
root     18758  0.0  1.9  3544  2540 ??  Ss     9:01AM    0:01.54 sshd
root     25409  0.0  2.1  3564  2700 ??  Is     9:03AM    0:06.82 sshd
root     27903  0.0  0.3   592   440 ??  Is     9:04AM    0:00.05 ksh
root      9865  0.0  0.9   796  1172 ??  I      9:04AM    0:00.55 sftp-server
root      9728  0.0  2.1  3572  2752 ??  Is     9:16AM    0:21.42 sshd
root      3878  0.0  2.1  3812  2708 ??  Is     9:16AM    0:07.43 sshd
root     16103  0.0  0.3   576   440 ??  Is     9:17AM    0:00.07 ksh
root      2165  0.0  0.9   784  1176 ??  I      9:17AM    0:01.16 sftp-server
root     10866  0.0  2.1  3792  2688 ??  Is     9:18AM    0:01.83 sshd
costet     240  0.0  1.7  3724  2256 ??  I      9:18AM    0:05.72 sshd
root      2775  0.0  2.1  3704  2684 ??  Is     9:24AM    0:01.83 sshd
costet   16111  0.0  1.7  3636  2244 ??  I      9:24AM    0:05.27 sshd
root      4014  0.0  2.1  3636  2688 ??  Is    10:05AM    0:02.57 sshd
thibault  6276  0.0  1.7  3572  2232 ??  I     10:05AM    0:11.25 sshd
cyberus_openvpn  5715  0.0  2.3  1544  3056 ??  Ss    10:32AM    6:52.58 openvpn
root     22534  0.0  2.1  3680  2764 ??  Is    10:34AM    0:01.13 sshd
costet   10180  0.0  1.7  3564  2220 ??  I     10:34AM    0:02.21 sshd
root     28117  0.0  2.1  3656  2732 ??  Is    10:36AM    0:02.83 sshd
root     24194  0.0  0.4   748   464 ??  Is    10:37AM    0:00.06 ksh
root      1140  0.0  2.1  3644  2692 ??  Is    12:06PM    0:01.61 sshd
root     29322  0.0  2.1  3812  2756 ??  Is    12:08PM    0:01.13 sshd
costet   18437  0.0  1.7  3700  2176 ??  I     12:08PM    0:00.23 sshd
_dhcp    14344  0.0  1.2  1024  1528 ??  Is    12:08PM    0:00.04 dhcpd
root      1139  0.0  1.8  1912  2320 ??  Is    12:18PM    0:00.07 sendmail
root     25840  0.0  0.5   688   660 ??  S     12:21PM    0:00.01 cron
root      1838  0.0  0.5   688   660 ??  S     12:21PM    0:00.05 cron
root     14118  0.0  0.5   688   660 ??  S     12:21PM    0:00.04 cron
root       390  0.0  0.5   688   660 ??  S     12:21PM    0:00.03 cron
root      7102  0.0  0.5   688   660 ??  S     12:21PM    0:00.08 cron
root     12735  0.0  0.5   688   660 ??  S     12:21PM    0:00.07 cron
root     21287  0.0  0.5   688   660 ??  S     12:21PM    0:00.06 cron
root     13999  0.0  0.5   688   660 ??  S     12:21PM    0:00.06 cron
root     21722  0.0  0.5   688   660 ??  S     12:21PM    0:00.11 cron
root     24531  0.0  0.5   688   660 ??  S     12:21PM    0:00.10 cron
root     18194  0.0  0.5   688   660 ??  S     12:21PM    0:00.09 cron
root      4659  0.0  0.5   688   660 ??  S     12:21PM    0:00.12 cron
root     25038  0.0  0.5   688   660 ??  S     12:21PM    0:00.13 cron
root     13732  0.0  0.3   588   436 ??  Ss    12:21PM    0:00.04 sh
root     24650  0.0  0.1   172    88 ??  S     12:21PM    0:00.14 sleep
root     17109  0.0  0.3   628   436 ??  Ss    12:21PM    0:00.18 sh
root     19823  0.0  0.3   544   440 ??  Ss    12:21PM    0:00.18 sh
root     26361  0.0  0.3   580   436 ??  Ss    12:21PM    0:00.18 sh
root     25970  0.0  0.3   720   432 ??  Ss    12:21PM    0:00.04 sh
root     29095  0.0  0.3   516   432 ??  Ss    12:21PM    0:00.04 sh
root     20686  0.0  0.3   640   440 ??  Ss    12:21PM    0:00.04 sh
root     31095  0.0  0.3   656   452 ??  Ss    12:21PM    0:00.04 sh
root     28964  0.0  0.3   724   424 ??  Ss    12:21PM    0:00.04 sh
root      5395  0.0  0.3   596   448 ??  Ss    12:21PM    0:00.04 sh
root     22118  0.0  0.3   564   436 ??  Ss    12:21PM    0:00.04 sh
root     18992  0.0  0.3   712   436 ??  Ss    12:21PM    0:00.04 sh
root     14432  0.0  0.3   684   448 ??  Ss    12:21PM    0:00.04 sh
root     29287  0.0  0.4   544   464 ??  S     12:21PM    0:00.07 sh
root      4479  0.0  0.1   348    88 ??  S     12:21PM    0:00.07 sleep
root     10481  0.0  0.1   304    88 ??  S     12:21PM    0:00.04 sleep
root     29203  0.0  0.4   708   460 ??  S     12:21PM    0:00.07 sh
root      6808  0.0  0.3   544   456 ??  S     12:21PM    0:00.04 sh
root     23758  0.0  0.1   272    88 ??  S     12:21PM    0:00.01 sleep
root     28762  0.0  0.1   168    88 ??  S     12:21PM    0:00.01 sleep
root      6009  0.0  0.3   636   456 ??  S     12:21PM    0:00.05 sh
root     25083  0.0  0.1   248    88 ??  S     12:21PM    0:00.02 sleep
root     11053  0.0  0.1   236    88 ??  S     12:21PM    0:00.01 sleep
root      4912  0.0  0.3   644   456 ??  S     12:21PM    0:00.05 sh
root     10130  0.0  0.4   628   464 ??  S     12:21PM    0:00.04 sh
root      5123  0.7  0.8   460   988 ??  S     12:21PM    0:00.03 awk
root     14158  1.0  0.8   452   980 ??  S     12:21PM    0:00.04 awk
root      2241  1.0  0.8   600   984 ??  S     12:21PM    0:00.05 awk
root      6709  1.0  0.8   564   984 ??  S     12:21PM    0:00.03 awk
root     30486  1.5  0.8   624   980 ??  S     12:21PM    0:00.09 awk
root      6066  0.0  0.0   644     4 ??  R     12:21PM    0:00.00 sh
root     25737  0.0  0.0   332     4 ??  R     12:21PM    0:00.00 supervise
root     22814  0.0  0.4   568   504 p0  Is+   12:06PM    0:00.20 ksh
root     18004  0.0  0.4   812   544 p1  Is+    9:16AM    0:01.70 ksh
root     22040  0.0  0.4   676   504 p2  Ss     9:01AM    0:00.27 ksh
root      5888  0.0  1.9   608  2480 p2  S+    12:21PM    0:00.17 perl
root      1510  0.0  0.3   760   436 p2  S+    12:21PM    0:00.04 sh
root     29533  0.0  0.3   572   352 p2  R+    12:21PM    0:00.00 ps
costet   28489  0.0  0.4   752   496 p3  Is+   12:08PM    0:00.12 ksh
costet   10966  0.0  0.4   656   508 p4  Is     9:18AM    0:00.11 ksh
root     14665  0.0  0.4   776   492 p4  I+     9:26AM    0:00.30 ksh
costet    7098  0.0  0.4   640   496 p5  Is     9:24AM    0:00.09 ksh
root     19314  0.0  0.4   600   504 p5  I+     9:30AM    0:00.34 ksh
thibault 28441  0.0  0.4   616   496 p6  Is    10:05AM    0:00.06 ksh
root     12977  0.0  0.4   776   520 p6  I+    10:06AM    0:00.82 ksh
costet    6750  0.0  0.4   552   504 p7  Is+   10:34AM    0:00.49 ksh
root     11812  0.0  0.4   716   464 00- I      8:59AM    0:00.05 sh
root      5436  0.0  0.5   368   632 00- S      8:59AM    0:03.76 svscan
root      5540  0.0  0.4   376   464 00- S      8:59AM    0:23.46 readproctitle
root     14267  0.0  0.4   356   548 00- I      8:59AM    0:00.07 supervise
root     27109  0.0  0.4   228   548 00- I      8:59AM    0:00.07 supervise
root     22501  0.0  0.4   332   552 00- R      8:59AM    0:48.75 supervise
root     17339  0.0  0.4   260   552 00- S      8:59AM    0:52.14 supervise
dnscache 10297  0.0  1.5  1796  1948 00- I      8:59AM    0:00.30 dnscache
tinydns   3532  0.0  0.5   420   624 00- I      8:59AM    0:00.35 tinydns
root     12223  0.0  0.6   428   820 00  Is+    8:59AM    0:00.04 getty
